=== batch_export START 2026-04-30 13:35:42 ===
Toplam: 30000 karakter | START_IDX=0 | OVERWRITE=False

  [project] female yuklendi
  [project] male yuklendi
  [project] female yuklendi
  [project] male yuklendi
  [project] female yuklendi
  [project] male yuklendi
  [project] female yuklendi
=== batch_export START 2026-05-02 10:07:55 ===
Toplam: 30000 karakter | START_IDX=0 | OVERWRITE=False

  [project] female yuklendi
  [project] male yuklendi
  [project] female yuklendi
  [project] male yuklendi
  [project] female yuklendi
=== batch_export START 2026-05-02 12:23:24 ===
Toplam: 30000 karakter | START_IDX=0 | OVERWRITE=False

  [project] female yuklendi
  [project] male yuklendi
  [project] female yuklendi
  [project] male yuklendi
  [project] female yuklendi
  [project] male yuklendi
  [project] female yuklendi
  [project] male yuklendi
  [project] female yuklendi
  [project] male yuklendi
  [project] female yuklendi
  [project] male yuklendi
  [project] female yuklendi
  [project] male yuklendi
  [project] female yuklendi
  [project] male yuklendi
  [project] female yuklendi
  [project] male yuklendi
  [project] female yuklendi
  [project] male yuklendi
  [project] female yuklendi
  [project] male yuklendi
  [project] female yuklendi
  [project] male yuklendi
  [project] female yuklendi
  [project] male yuklendi
=== batch_export START 2026-05-02 22:22:01 ===
Toplam: 30000 karakter | START_IDX=0 | OVERWRITE=False

  [project] male yuklendi
  [project] female yuklendi
  [project] male yuklendi
=== batch_export START 2026-05-04 01:27:00 ===
Toplam: 30000 karakter | START_IDX=0 | OVERWRITE=False

  [project] female yuklendi
  [project] male yuklendi
  [project] female yuklendi
  [project] male yuklendi
  [project] female yuklendi
  [project] male yuklendi
  [project] female yuklendi
  [project] male yuklendi
  [project] female yuklendi
  [project] male yuklendi
  [project] female yuklendi
  [project] male yuklendi
  [project] female yuklendi
  [project] male yuklendi
  [project] female yuklendi
  [project] male yuklendi
  [project] female yuklendi
  [project] male yuklendi
  [project] female yuklendi
  [project] male yuklendi
  [project] female yuklendi
  [project] male yuklendi
  [project] female yuklendi
  [project] male yuklendi
  [project] female yuklendi
  [project] male yuklendi
  [project] female yuklendi
  [project] male yuklendi
  [project] female yuklendi
  [project] male yuklendi
  [project] female yuklendi
  [project] male yuklendi
  [project] female yuklendi
=== batch_export START 2026-05-04 11:36:44 ===
Toplam: 30000 karakter | START_IDX=0 | OVERWRITE=False

  [project] female yuklendi
=== batch_export START 2026-05-04 11:42:32 ===
Toplam: 30000 karakter | START_IDX=0 | OVERWRITE=False

  [project] female yuklendi
=== batch_export START 2026-05-07 18:11:57 ===
Toplam: 6068 karakter | Morph kolon sayisi: 53

  [project] female yuklendi
[100/6068] 100 export, 0 atlandi, 0 hata | son: ansur_00099
=== batch_export START 2026-05-07 20:44:52 ===
Toplam: 6068 karakter | Morph kolon sayisi: 21

  [project] female yuklendi
=== batch_export START 2026-05-07 22:13:33 ===
Toplam: 6068 karakter | Morph kolon sayisi: 21

  [project] female yuklendi
  [project] male yuklendi
  [project] female yuklendi
  [project] male yuklendi
  [project] female yuklendi
  [project] male yuklendi
  [project] female yuklendi
  [project] male yuklendi
  [project] female yuklendi
  [project] male yuklendi
  [project] female yuklendi
  [project] male yuklendi
  [project] female yuklendi
  [project] male yuklendi
  [project] female yuklendi
  [project] male yuklendi
  [project] female yuklendi
  [project] male yuklendi
  [project] female yuklendi
  [project] male yuklendi
  [project] female yuklendi
  [project] male yuklendi
  [project] female yuklendi
=== batch_export START 2026-05-08 17:12:48 ===
Toplam: 6068 karakter | Morph kolon sayisi: 24

  [project] female yuklendi
  [project] male yuklendi
  [project] female yuklendi
  [project] male yuklendi
  [project] female yuklendi
  [project] male yuklendi
  [project] female yuklendi
  [project] male yuklendi
  [project] female yuklendi
  [project] male yuklendi
  [project] female yuklendi
  [project] male yuklendi
  [project] female yuklendi
  [project] male yuklendi
  [project] female yuklendi
  [project] male yuklendi
  [project] female yuklendi
  [project] male yuklendi
  [project] female yuklendi
  [project] male yuklendi
  [project] female yuklendi
  [project] male yuklendi
  [project] female yuklendi
